
**** Build of configuration Debug for project The Rift ****

make all 
Building file: ../src/ImportOptions.cpp
Invoking: NVCC Compiler
nvcc -G -g -O0 -gencode arch=compute_20,code=sm_21 -odir "src" -M -o "src/ImportOptions.d" "../src/ImportOptions.cpp"
nvcc -G -g -O0 --compile  -x c++ -o  "src/ImportOptions.o" "../src/ImportOptions.cpp"
Finished building: ../src/ImportOptions.cpp
 
Building file: ../src/OptionsBin.cpp
Invoking: NVCC Compiler
nvcc -G -g -O0 -gencode arch=compute_20,code=sm_21 -odir "src" -M -o "src/OptionsBin.d" "../src/OptionsBin.cpp"
nvcc -G -g -O0 --compile  -x c++ -o  "src/OptionsBin.o" "../src/OptionsBin.cpp"
Finished building: ../src/OptionsBin.cpp
 
Building file: ../src/Simulation.cpp
Invoking: NVCC Compiler
nvcc -G -g -O0 -gencode arch=compute_20,code=sm_21 -odir "src" -M -o "src/Simulation.d" "../src/Simulation.cpp"
nvcc -G -g -O0 --compile  -x c++ -o  "src/Simulation.o" "../src/Simulation.cpp"
../src/Simulation.cpp: In function ‘int main()’:
../src/Simulation.cpp:14:16: error: too few arguments to function ‘void importOptions(OptionsBin&)’
../src/ImportOptions.h:13:6: note: declared here
make: *** [src/Simulation.o] Error 1

**** Build Finished ****
