
**** Build of configuration Release for project Framework ****

make all 
make: Nothing to be done for `all'.

**** Build Finished ****

**** Build of configuration Debug for project FirstSimulation ****

make all 
make: Nothing to be done for `all'.

**** Build Finished ****

**** Build of configuration Release for project Framework ****

make all 
make: Nothing to be done for `all'.

**** Build Finished ****

**** Build of configuration Debug for project Simulation ****

make all 
make: Nothing to be done for `all'.

**** Build Finished ****

**** Build of configuration Release for project Statistics ****

make all 
make: Nothing to be done for `all'.

**** Build Finished ****

**** Build of configuration Debug for project Testing ****

make all 
make: Nothing to be done for `all'.

**** Build Finished ****
